0 info it worked if it ends with ok
1 verbose cli [ 'C:\\Program Files\\nodejs\\node.exe',
1 verbose cli   'C:\\Program Files\\nodejs\\node_modules\\npm\\bin\\npm-cli.js',
1 verbose cli   'publish' ]
2 info using npm@3.10.10
3 info using node@v6.11.5
4 verbose publish [ '.' ]
5 silly cache add args [ '.', null ]
6 verbose cache add spec .
7 silly cache add parsed spec Result {
7 silly cache add   raw: '.',
7 silly cache add   scope: null,
7 silly cache add   escapedName: null,
7 silly cache add   name: null,
7 silly cache add   rawSpec: '.',
7 silly cache add   spec: 'C:\\code\\azure-ml-webservice',
7 silly cache add   type: 'directory' }
8 verbose addLocalDirectory C:\Users\nimeseth\AppData\Roaming\npm-cache\azure-ml-webservice\1.0.0\package.tgz not in flight; packing
9 verbose correctMkdir C:\Users\nimeseth\AppData\Roaming\npm-cache correctMkdir not in flight; initializing
10 info lifecycle azure-ml-webservice@1.0.0~prepublish: azure-ml-webservice@1.0.0
11 silly lifecycle azure-ml-webservice@1.0.0~prepublish: no script for prepublish, continuing
12 verbose tar pack [ 'C:\\Users\\nimeseth\\AppData\\Roaming\\npm-cache\\azure-ml-webservice\\1.0.0\\package.tgz',
12 verbose tar pack   'C:\\code\\azure-ml-webservice' ]
13 verbose tarball C:\Users\nimeseth\AppData\Roaming\npm-cache\azure-ml-webservice\1.0.0\package.tgz
14 verbose folder C:\code\azure-ml-webservice
15 verbose addLocalTarball adding from inside cache C:\Users\nimeseth\AppData\Roaming\npm-cache\azure-ml-webservice\1.0.0\package.tgz
16 verbose correctMkdir C:\Users\nimeseth\AppData\Roaming\npm-cache correctMkdir not in flight; initializing
17 silly cache afterAdd azure-ml-webservice@1.0.0
18 verbose afterAdd C:\Users\nimeseth\AppData\Roaming\npm-cache\azure-ml-webservice\1.0.0\package\package.json not in flight; writing
19 verbose correctMkdir C:\Users\nimeseth\AppData\Roaming\npm-cache correctMkdir not in flight; initializing
20 verbose afterAdd C:\Users\nimeseth\AppData\Roaming\npm-cache\azure-ml-webservice\1.0.0\package\package.json written
21 silly publish { name: 'azure-ml-webservice',
21 silly publish   version: '1.0.0',
21 silly publish   description: 'A wrapper to call Azure ML web services.',
21 silly publish   main: 'index.js',
21 silly publish   scripts: { test: 'test.js' },
21 silly publish   keywords: [ 'azure', 'ml' ],
21 silly publish   author: { name: 'Nicolas Meseth' },
21 silly publish   license: 'ISC',
21 silly publish   dependencies: { https: '^1.0.0' },
21 silly publish   readme: '# Azure Machine Learning Web Service Wrapper\r\n\r\nA library that makes it easy to call a published machine learning model from Node.js.\r\n\r\nSet your API key, host and path according to your Azure ML subscription. See `test.js` for an example:\r\n\r\n```js\r\nvar ml = require(\'./index\');\r\n\r\nvar data = {\r\n    "ColumnNames": ["operator", "number1", "number2", "result"],\r\n    "Values": [["minus", "50", "15", "35"], ["plus", "20", "50", "70"]]\r\n}\r\n\r\n// Set API Key here\r\nml.setAPIKey("yz08LlHadvd9w4sDzdq/kRUXpOVI7+MwHoq9DWS8CPFbJ0nVQ12VUf1ShIzq6aedHFL/YssZkA9iEeRI/LxcSA==");\r\n\r\nvar hostname = "ussouthcentral.services.azureml.net";\r\nvar path = "/workspaces/d6591b016ab34582b55ef6d3fea46aed/services/a6fc3256145b4b33a0657ebe439e3f8e/execute?api-version=2.0&details=true"\r\nml.setHostAndPath(hostname, path);\r\n\r\nvar prediction = ml.predict(data).then(printResult);\r\n\r\nfunction printResult(predictions) {\r\n    console.dir(predictions);\r\n}\r\n```\r\n\r\nHave fun predicting :-)',
21 silly publish   readmeFilename: 'README.md',
21 silly publish   gitHead: '94883369ffddab3f6376816ef4607b04704c5501',
21 silly publish   _id: 'azure-ml-webservice@1.0.0',
21 silly publish   _shasum: 'd11ea7bcf38c20c08fbbe47a70b7badfe998e20e',
21 silly publish   _from: '.' }
22 verbose getPublishConfig undefined
23 silly mapToRegistry name azure-ml-webservice
24 silly mapToRegistry using default registry
25 silly mapToRegistry registry https://registry.npmjs.org/
26 silly mapToRegistry data Result {
26 silly mapToRegistry   raw: 'azure-ml-webservice',
26 silly mapToRegistry   scope: null,
26 silly mapToRegistry   escapedName: 'azure-ml-webservice',
26 silly mapToRegistry   name: 'azure-ml-webservice',
26 silly mapToRegistry   rawSpec: '',
26 silly mapToRegistry   spec: 'latest',
26 silly mapToRegistry   type: 'tag' }
27 silly mapToRegistry uri https://registry.npmjs.org/azure-ml-webservice
28 verbose publish registryBase https://registry.npmjs.org/
29 silly publish uploading C:\Users\nimeseth\AppData\Roaming\npm-cache\azure-ml-webservice\1.0.0\package.tgz
30 verbose request uri https://registry.npmjs.org/azure-ml-webservice
31 verbose request sending authorization for write operation
32 info attempt registry request try #1 at 17:14:37
33 verbose request using bearer token for auth
34 verbose request id 79a581a33019cb8c
35 http request PUT https://registry.npmjs.org/azure-ml-webservice
36 http 503 https://registry.npmjs.org/azure-ml-webservice
37 verbose bad json No frontdoor hosts available
38 error registry error parsing json
39 verbose headers { date: 'Mon, 28 May 2018 15:14:53 GMT',
39 verbose headers   'content-type': 'text/plain;charset=UTF-8',
39 verbose headers   'content-length': '28',
39 verbose headers   connection: 'keep-alive',
39 verbose headers   'set-cookie': [ '__cfduid=d89a625dcf4b333cd60aaf74e0a25ce391527520480; expires=Tue, 28-May-19 15:14:40 GMT; path=/; domain=.npmjs.org; HttpOnly; Secure' ],
39 verbose headers   'expect-ct': 'max-age=604800, report-uri="https://report-uri.cloudflare.com/cdn-cgi/beacon/expect-ct"',
39 verbose headers   server: 'cloudflare',
39 verbose headers   'cf-ray': '4221ac1a7de42d65-TXL' }
40 info retry will retry, error on last attempt: SyntaxError: Unexpected token N in JSON at position 0
40 info retry No frontdoor hosts available
41 info attempt registry request try #2 at 17:15:00
42 verbose request using bearer token for auth
43 http request PUT https://registry.npmjs.org/azure-ml-webservice
44 http 403 https://registry.npmjs.org/azure-ml-webservice
45 verbose headers { date: 'Mon, 28 May 2018 15:15:04 GMT',
45 verbose headers   'content-type': 'application/json',
45 verbose headers   'transfer-encoding': 'chunked',
45 verbose headers   connection: 'keep-alive',
45 verbose headers   'set-cookie':
45 verbose headers    [ '__cfduid=d8f8d6b17a0f334e3a6af90fa036e9d6f1527520503; expires=Tue, 28-May-19 15:15:03 GMT; path=/; domain=.npmjs.org; HttpOnly; Secure',
45 verbose headers      '__cfduid=d8f8d6b17a0f334e3a6af90fa036e9d6f1527520503; expires=Tue, 28-May-19 15:15:03 GMT; path=/; domain=.npmjs.org; HttpOnly; Secure' ],
45 verbose headers   'cf-ray': '4221acab1a062d65-TXL',
45 verbose headers   'expect-ct': 'max-age=604800, report-uri="https://report-uri.cloudflare.com/cdn-cgi/beacon/expect-ct"',
45 verbose headers   server: 'cloudflare',
45 verbose headers   'content-encoding': 'gzip' }
46 verbose request invalidating C:\Users\nimeseth\AppData\Roaming\npm-cache\registry.npmjs.org\azure-ml-webservice on PUT
47 error publish Failed PUT 403
48 verbose stack Error: You cannot publish over the previously published versions: 1.0.0. : azure-ml-webservice
48 verbose stack     at makeError (C:\Program Files\nodejs\node_modules\npm\node_modules\npm-registry-client\lib\request.js:302:12)
48 verbose stack     at CachingRegistryClient.<anonymous> (C:\Program Files\nodejs\node_modules\npm\node_modules\npm-registry-client\lib\request.js:290:14)
48 verbose stack     at C:\Program Files\nodejs\node_modules\npm\node_modules\npm-registry-client\lib\request.js:216:7
48 verbose stack     at Gunzip.onEnd (zlib.js:227:5)
48 verbose stack     at emitNone (events.js:91:20)
48 verbose stack     at Gunzip.emit (events.js:185:7)
48 verbose stack     at endReadableNT (_stream_readable.js:974:12)
48 verbose stack     at _combinedTickCallback (internal/process/next_tick.js:80:11)
48 verbose stack     at process._tickCallback (internal/process/next_tick.js:104:9)
49 verbose statusCode 403
50 verbose pkgid azure-ml-webservice
51 verbose cwd C:\code\azure-ml-webservice
52 error Windows_NT 10.0.16299
53 error argv "C:\\Program Files\\nodejs\\node.exe" "C:\\Program Files\\nodejs\\node_modules\\npm\\bin\\npm-cli.js" "publish"
54 error node v6.11.5
55 error npm  v3.10.10
56 error code E403
57 error You cannot publish over the previously published versions: 1.0.0. : azure-ml-webservice
58 error If you need help, you may report this error at:
58 error     <https://github.com/npm/npm/issues>
59 verbose exit [ 1, true ]
